<?xml version="1.0" encoding="UTF-8"?>
<!-- Generated by org.testng.reporters.JUnitReportReporter -->
<testsuite skipped="0" hostname="LHTU05CG4472DYW" name="com.internetBanking.testcases.LoginTest" tests="1" failures="0" timestamp="2020-04-01T16:43:00 IST" time="3.393" errors="0">
  <testcase name="loginTest" time="3.393" classname="com.internetBanking.testcases.LoginTest"/>
</testsuite> <!-- com.internetBanking.testcases.LoginTest -->
