<?xml version="1.0" encoding="UTF-8"?>
<!-- Generated by org.testng.reporters.JUnitReportReporter -->
<testsuite skipped="0" hostname="LHTU05CG4472DYW" name="com.internetBanking.testcases.RightExcelTest" tests="1" failures="0" timestamp="2020-02-24T15:14:24 IST" time="2.754" errors="0">
  <testcase name="writeExcel" time="2.754" classname="com.internetBanking.testcases.RightExcelTest"/>
</testsuite> <!-- com.internetBanking.testcases.RightExcelTest -->
