<?xml version="1.0" encoding="UTF-8"?>
<!-- Generated by org.testng.reporters.JUnitReportReporter -->
<testsuite skipped="0" hostname="LHTU05CG4472DYW" name="com.internetBanking.testcases.EditCustomerTest" tests="1" failures="0" timestamp="2019-12-30T19:28:44 IST" time="17.585" errors="0">
  <testcase name="newCustomerTest" time="17.585" classname="com.internetBanking.testcases.EditCustomerTest"/>
</testsuite> <!-- com.internetBanking.testcases.EditCustomerTest -->
