<?xml version="1.0" encoding="UTF-8"?>
<!-- Generated by org.testng.reporters.JUnitReportReporter -->
<testsuite skipped="0" hostname="LHTU05CG4472DYW" name="com.internetBanking.testcases.IDRS_Download" tests="5" failures="0" timestamp="2020-07-17T12:20:02 IST" time="383.188" errors="0">
  <testcase name="IDRSDownload" time="103.082" classname="com.internetBanking.testcases.IDRS_Download"/>
  <testcase name="IDRSDownload" time="63.008" classname="com.internetBanking.testcases.IDRS_Download"/>
  <testcase name="IDRSDownload" time="63.268" classname="com.internetBanking.testcases.IDRS_Download"/>
  <testcase name="IDRSDownload" time="64.629" classname="com.internetBanking.testcases.IDRS_Download"/>
  <testcase name="IDRSDownload" time="89.201" classname="com.internetBanking.testcases.IDRS_Download"/>
</testsuite> <!-- com.internetBanking.testcases.IDRS_Download -->
