<?xml version="1.0" encoding="UTF-8"?>
<!-- Generated by org.testng.reporters.JUnitReportReporter -->
<testsuite skipped="0" hostname="LHTU05CG4472DYW" name="com.internetBanking.testcases.TnqClockin_Test" tests="2" failures="0" timestamp="2020-06-15T15:25:20 IST" time="19.690" errors="0">
  <testcase name="loginTest" time="12.178" classname="com.internetBanking.testcases.TnqClockin_Test"/>
  <testcase name="logoutTest" time="7.512" classname="com.internetBanking.testcases.TnqClockin_Test"/>
</testsuite> <!-- com.internetBanking.testcases.TnqClockin_Test -->
