<?xml version="1.0" encoding="UTF-8"?>
<!-- Generated by org.testng.reporters.JUnitReportReporter -->
<<<<<<< HEAD
<testsuite skipped="0" hostname="LHTU05CG4472DYW" name="com.internetBanking.testcases.LoginTest" tests="1" failures="0" timestamp="2019-12-28T15:30:24 IST" time="135.914" errors="0">
  <testcase name="loginTest" time="135.914" classname="com.internetBanking.testcases.LoginTest"/>
=======
<testsuite hostname="Pavithra-PC" failures="0" tests="1" name="com.internetBanking.testcases.LoginTest" time="28.132" errors="0" timestamp="2019-12-29T21:58:01 IST" skipped="0">
  <testcase classname="com.internetBanking.testcases.LoginTest" name="loginTest" time="28.132"/>
>>>>>>> 62d1f656e8977f071172b532901f678195de67ec
</testsuite> <!-- com.internetBanking.testcases.LoginTest -->
