<?xml version="1.0" encoding="UTF-8"?>
<!-- Generated by org.testng.reporters.JUnitReportReporter -->
<testsuite skipped="0" hostname="LHTU05CG4472DYW" name="com.internetBanking.testcases.NewCustomerTest" tests="1" failures="0" timestamp="2020-04-01T16:43:00 IST" time="27.068" errors="0">
  <testcase name="newCustomerTest" time="27.068" classname="com.internetBanking.testcases.NewCustomerTest"/>
</testsuite> <!-- com.internetBanking.testcases.NewCustomerTest -->
