<?xml version="1.0" encoding="UTF-8"?>
<!-- Generated by org.testng.reporters.JUnitReportReporter -->
<testsuite skipped="0" hostname="LHTU05CG4472DYW" name="com.internetBanking.testcases.NewEditCustomer" tests="1" failures="0" timestamp="2019-12-30T19:47:05 IST" time="29.409" errors="0">
  <testcase name="combineNewEditTest" time="29.409" classname="com.internetBanking.testcases.NewEditCustomer"/>
</testsuite> <!-- com.internetBanking.testcases.NewEditCustomer -->
