<?xml version="1.0" encoding="UTF-8"?>
<!-- Generated by org.testng.reporters.JUnitReportReporter -->
<testsuite skipped="0" hostname="LHTU05CG4472DYW" name="com.internetBanking.testcases.LoginTest" tests="1" failures="0" timestamp="2019-12-28T15:30:24 IST" time="135.914" errors="0">
  <testcase name="loginTest" time="135.914" classname="com.internetBanking.testcases.LoginTest"/>
</testsuite> <!-- com.internetBanking.testcases.LoginTest -->
