<?xml version="1.0" encoding="UTF-8"?>
<!-- Generated by org.testng.reporters.JUnitReportReporter -->
<testsuite hostname="Pavithra-PC" failures="0" tests="1" name="com.internetBanking.testcases.NewCustomerTest" time="30.676" errors="0" timestamp="2019-12-29T09:30:21 IST" skipped="0">
  <testcase classname="com.internetBanking.testcases.NewCustomerTest" name="newCustomerTest" time="30.676"/>
</testsuite> <!-- com.internetBanking.testcases.NewCustomerTest -->
