<?xml version="1.0" encoding="UTF-8"?>
<!-- Generated by org.testng.reporters.JUnitReportReporter -->
<testsuite hostname="Pavithra-PC" failures="0" tests="1" name="com.internetBanking.testcases.LoginTest" time="24.125" errors="0" timestamp="2019-12-29T09:30:21 IST" skipped="0">
  <testcase classname="com.internetBanking.testcases.LoginTest" name="loginTest" time="24.125"/>
</testsuite> <!-- com.internetBanking.testcases.LoginTest -->
