<?xml version="1.0" encoding="UTF-8"?>
<!-- Generated by org.testng.reporters.JUnitReportReporter -->
<testsuite skipped="0" hostname="LHTU05CG4472DYW" name="com.internetBanking.testcases.NewCustomerTest" tests="1" failures="0" timestamp="2019-12-28T18:34:56 IST" time="46.771" errors="0">
  <testcase name="newCustomerTest" time="46.771" classname="com.internetBanking.testcases.NewCustomerTest"/>
</testsuite> <!-- com.internetBanking.testcases.NewCustomerTest -->
