<?xml version="1.0" encoding="UTF-8"?>
<!-- Generated by org.testng.reporters.JUnitReportReporter -->
<testsuite hostname="Pavithra-PC" failures="0" tests="1" name="com.internetBanking.testcases.NewCustomerTest" time="61.235" errors="0" timestamp="2019-12-29T22:16:47 IST" skipped="0">
  <testcase classname="com.internetBanking.testcases.NewCustomerTest" name="newCustomerTest" time="61.235"/>
</testsuite> <!-- com.internetBanking.testcases.NewCustomerTest -->
